{"uuid":"e6b2a034-cc54-471d-b524-9814ab7d50df","historyId":"25cd73e5d9e49fe907b932c4486fd2d1","testCaseId":"a8200b2146138e1d75ea56800384514","fullName":"src/test/java/features/CommerceJS.feature:3","labels":[{"name":"host","value":"DESKTOP-01Q6FFP"},{"name":"thread","value":"29440@DESKTOP-01Q6FFP.main(1)"},{"name":"feature","value":"Placing an order online"},{"name":"story","value":"To validate if an order can be placed online and get the Order ID"},{"name":"suite","value":"Placing an order online"},{"name":"testClass","value":"To validate if an order can be placed online and get the Order ID"},{"name":"framework","value":"cucumber4jvm"},{"name":"language","value":"java"},{"name":"gherkin_uri","value":"file:///C:/Users/Adithyan/playground-workspace/RAWeb/src/test/java/features/CommerceJS.feature"},{"name":"package","value":"src.test.java.features.CommerceJS_feature.Placing an order online"}],"links":[],"name":"To validate if an order can be placed online and get the Order ID","status":"broken","statusDetails":{"known":false,"muted":false,"flaky":false,"message":"element click intercepted: Element <a class=\"d-flex align-items-center bg-transparent border border-color-white h-56 px-5 font-color-white hero-btn\" href=\"/collection\">...</a> is not clickable at point (768, 375). Other element would receive the click: <a class=\"d-flex align-items-center bg-transparent border border-color-white h-56 px-5 font-color-white hero-btn\" href=\"/collection\">...</a>\n  (Session info: chrome=123.0.6312.86)\nBuild info: version: '4.13.0', revision: 'ba948ece5b*'\nSystem info: os.name: 'Windows 11', os.arch: 'amd64', os.version: '10.0', java.version: '21.0.2'\nDriver info: org.openqa.selenium.chrome.ChromeDriver\nCommand: [53763f1ffa6c17fe2119c21e4f9f3d5c, clickElement {id=f.1F3BB64FF6F38624866D1849EB86DBCE.d.B1CBC1BDCDCA05AE28EF1443EF7BB000.e.21}]\nCapabilities {acceptInsecureCerts: false, browserName: chrome, browserVersion: 123.0.6312.86, chrome: {chromedriverVersion: 123.0.6312.86 (9b72c47a0536..., userDataDir: C:\\Users\\Adithyan\\AppData\\L...}, fedcm:accounts: true, goog:chromeOptions: {debuggerAddress: localhost:49932}, networkConnectionEnabled: false, pageLoadStrategy: normal, platformName: windows, proxy: Proxy(), se:cdp: ws://localhost:49932/devtoo..., se:cdpVersion: 123.0.6312.86, setWindowRect: true, strictFileInteractability: false, timeouts: {implicit: 0, pageLoad: 300000, script: 30000}, unhandledPromptBehavior: dismiss and notify, webauthn:extension:credBlob: true, webauthn:extension:largeBlob: true, webauthn:extension:minPinLength: true, webauthn:extension:prf: true, webauthn:virtualAuthenticators: true}\nElement: [[ChromeDriver: chrome on windows (53763f1ffa6c17fe2119c21e4f9f3d5c)] -> xpath: //div[@class='swiper-wrapper']/div/div/a]\nSession ID: 53763f1ffa6c17fe2119c21e4f9f3d5c","trace":"org.openqa.selenium.ElementClickInterceptedException: element click intercepted: Element <a class=\"d-flex align-items-center bg-transparent border border-color-white h-56 px-5 font-color-white hero-btn\" href=\"/collection\">...</a> is not clickable at point (768, 375). Other element would receive the click: <a class=\"d-flex align-items-center bg-transparent border border-color-white h-56 px-5 font-color-white hero-btn\" href=\"/collection\">...</a>\n  (Session info: chrome=123.0.6312.86)\nBuild info: version: '4.13.0', revision: 'ba948ece5b*'\nSystem info: os.name: 'Windows 11', os.arch: 'amd64', os.version: '10.0', java.version: '21.0.2'\nDriver info: org.openqa.selenium.chrome.ChromeDriver\nCommand: [53763f1ffa6c17fe2119c21e4f9f3d5c, clickElement {id=f.1F3BB64FF6F38624866D1849EB86DBCE.d.B1CBC1BDCDCA05AE28EF1443EF7BB000.e.21}]\nCapabilities {acceptInsecureCerts: false, browserName: chrome, browserVersion: 123.0.6312.86, chrome: {chromedriverVersion: 123.0.6312.86 (9b72c47a0536..., userDataDir: C:\\Users\\Adithyan\\AppData\\L...}, fedcm:accounts: true, goog:chromeOptions: {debuggerAddress: localhost:49932}, networkConnectionEnabled: false, pageLoadStrategy: normal, platformName: windows, proxy: Proxy(), se:cdp: ws://localhost:49932/devtoo..., se:cdpVersion: 123.0.6312.86, setWindowRect: true, strictFileInteractability: false, timeouts: {implicit: 0, pageLoad: 300000, script: 30000}, unhandledPromptBehavior: dismiss and notify, webauthn:extension:credBlob: true, webauthn:extension:largeBlob: true, webauthn:extension:minPinLength: true, webauthn:extension:prf: true, webauthn:virtualAuthenticators: true}\nElement: [[ChromeDriver: chrome on windows (53763f1ffa6c17fe2119c21e4f9f3d5c)] -> xpath: //div[@class='swiper-wrapper']/div/div/a]\nSession ID: 53763f1ffa6c17fe2119c21e4f9f3d5c\r\n\tat java.base/jdk.internal.reflect.DirectConstructorHandleAccessor.newInstance(DirectConstructorHandleAccessor.java:62)\r\n\tat java.base/java.lang.reflect.Constructor.newInstanceWithCaller(Constructor.java:502)\r\n\tat java.base/java.lang.reflect.Constructor.newInstance(Constructor.java:486)\r\n\tat org.openqa.selenium.remote.codec.w3c.W3CHttpResponseCodec.createException(W3CHttpResponseCodec.java:200)\r\n\tat org.openqa.selenium.remote.codec.w3c.W3CHttpResponseCodec.decode(W3CHttpResponseCodec.java:133)\r\n\tat org.openqa.selenium.remote.codec.w3c.W3CHttpResponseCodec.decode(W3CHttpResponseCodec.java:52)\r\n\tat org.openqa.selenium.remote.HttpCommandExecutor.execute(HttpCommandExecutor.java:191)\r\n\tat org.openqa.selenium.remote.service.DriverCommandExecutor.invokeExecute(DriverCommandExecutor.java:196)\r\n\tat org.openqa.selenium.remote.service.DriverCommandExecutor.execute(DriverCommandExecutor.java:171)\r\n\tat org.openqa.selenium.remote.RemoteWebDriver.execute(RemoteWebDriver.java:602)\r\n\tat org.openqa.selenium.remote.RemoteWebElement.execute(RemoteWebElement.java:224)\r\n\tat org.openqa.selenium.remote.RemoteWebElement.click(RemoteWebElement.java:77)\r\n\tat steps.StepDefinition.clickShopNow(StepDefinition.java:16)\r\n\tat ✽.Click Shop now button(file:///C:/Users/Adithyan/playground-workspace/RAWeb/src/test/java/features/CommerceJS.feature:4)\r\n"},"stage":"finished","steps":[{"name":"When Click Shop now button","status":"broken","statusDetails":{"known":false,"muted":false,"flaky":false,"message":"element click intercepted: Element <a class=\"d-flex align-items-center bg-transparent border border-color-white h-56 px-5 font-color-white hero-btn\" href=\"/collection\">...</a> is not clickable at point (768, 375). Other element would receive the click: <a class=\"d-flex align-items-center bg-transparent border border-color-white h-56 px-5 font-color-white hero-btn\" href=\"/collection\">...</a>\n  (Session info: chrome=123.0.6312.86)\nBuild info: version: '4.13.0', revision: 'ba948ece5b*'\nSystem info: os.name: 'Windows 11', os.arch: 'amd64', os.version: '10.0', java.version: '21.0.2'\nDriver info: org.openqa.selenium.chrome.ChromeDriver\nCommand: [53763f1ffa6c17fe2119c21e4f9f3d5c, clickElement {id=f.1F3BB64FF6F38624866D1849EB86DBCE.d.B1CBC1BDCDCA05AE28EF1443EF7BB000.e.21}]\nCapabilities {acceptInsecureCerts: false, browserName: chrome, browserVersion: 123.0.6312.86, chrome: {chromedriverVersion: 123.0.6312.86 (9b72c47a0536..., userDataDir: C:\\Users\\Adithyan\\AppData\\L...}, fedcm:accounts: true, goog:chromeOptions: {debuggerAddress: localhost:49932}, networkConnectionEnabled: false, pageLoadStrategy: normal, platformName: windows, proxy: Proxy(), se:cdp: ws://localhost:49932/devtoo..., se:cdpVersion: 123.0.6312.86, setWindowRect: true, strictFileInteractability: false, timeouts: {implicit: 0, pageLoad: 300000, script: 30000}, unhandledPromptBehavior: dismiss and notify, webauthn:extension:credBlob: true, webauthn:extension:largeBlob: true, webauthn:extension:minPinLength: true, webauthn:extension:prf: true, webauthn:virtualAuthenticators: true}\nElement: [[ChromeDriver: chrome on windows (53763f1ffa6c17fe2119c21e4f9f3d5c)] -> xpath: //div[@class='swiper-wrapper']/div/div/a]\nSession ID: 53763f1ffa6c17fe2119c21e4f9f3d5c","trace":"org.openqa.selenium.ElementClickInterceptedException: element click intercepted: Element <a class=\"d-flex align-items-center bg-transparent border border-color-white h-56 px-5 font-color-white hero-btn\" href=\"/collection\">...</a> is not clickable at point (768, 375). Other element would receive the click: <a class=\"d-flex align-items-center bg-transparent border border-color-white h-56 px-5 font-color-white hero-btn\" href=\"/collection\">...</a>\n  (Session info: chrome=123.0.6312.86)\nBuild info: version: '4.13.0', revision: 'ba948ece5b*'\nSystem info: os.name: 'Windows 11', os.arch: 'amd64', os.version: '10.0', java.version: '21.0.2'\nDriver info: org.openqa.selenium.chrome.ChromeDriver\nCommand: [53763f1ffa6c17fe2119c21e4f9f3d5c, clickElement {id=f.1F3BB64FF6F38624866D1849EB86DBCE.d.B1CBC1BDCDCA05AE28EF1443EF7BB000.e.21}]\nCapabilities {acceptInsecureCerts: false, browserName: chrome, browserVersion: 123.0.6312.86, chrome: {chromedriverVersion: 123.0.6312.86 (9b72c47a0536..., userDataDir: C:\\Users\\Adithyan\\AppData\\L...}, fedcm:accounts: true, goog:chromeOptions: {debuggerAddress: localhost:49932}, networkConnectionEnabled: false, pageLoadStrategy: normal, platformName: windows, proxy: Proxy(), se:cdp: ws://localhost:49932/devtoo..., se:cdpVersion: 123.0.6312.86, setWindowRect: true, strictFileInteractability: false, timeouts: {implicit: 0, pageLoad: 300000, script: 30000}, unhandledPromptBehavior: dismiss and notify, webauthn:extension:credBlob: true, webauthn:extension:largeBlob: true, webauthn:extension:minPinLength: true, webauthn:extension:prf: true, webauthn:virtualAuthenticators: true}\nElement: [[ChromeDriver: chrome on windows (53763f1ffa6c17fe2119c21e4f9f3d5c)] -> xpath: //div[@class='swiper-wrapper']/div/div/a]\nSession ID: 53763f1ffa6c17fe2119c21e4f9f3d5c\r\n\tat java.base/jdk.internal.reflect.DirectConstructorHandleAccessor.newInstance(DirectConstructorHandleAccessor.java:62)\r\n\tat java.base/java.lang.reflect.Constructor.newInstanceWithCaller(Constructor.java:502)\r\n\tat java.base/java.lang.reflect.Constructor.newInstance(Constructor.java:486)\r\n\tat org.openqa.selenium.remote.codec.w3c.W3CHttpResponseCodec.createException(W3CHttpResponseCodec.java:200)\r\n\tat org.openqa.selenium.remote.codec.w3c.W3CHttpResponseCodec.decode(W3CHttpResponseCodec.java:133)\r\n\tat org.openqa.selenium.remote.codec.w3c.W3CHttpResponseCodec.decode(W3CHttpResponseCodec.java:52)\r\n\tat org.openqa.selenium.remote.HttpCommandExecutor.execute(HttpCommandExecutor.java:191)\r\n\tat org.openqa.selenium.remote.service.DriverCommandExecutor.invokeExecute(DriverCommandExecutor.java:196)\r\n\tat org.openqa.selenium.remote.service.DriverCommandExecutor.execute(DriverCommandExecutor.java:171)\r\n\tat org.openqa.selenium.remote.RemoteWebDriver.execute(RemoteWebDriver.java:602)\r\n\tat org.openqa.selenium.remote.RemoteWebElement.execute(RemoteWebElement.java:224)\r\n\tat org.openqa.selenium.remote.RemoteWebElement.click(RemoteWebElement.java:77)\r\n\tat steps.StepDefinition.clickShopNow(StepDefinition.java:16)\r\n\tat ✽.Click Shop now button(file:///C:/Users/Adithyan/playground-workspace/RAWeb/src/test/java/features/CommerceJS.feature:4)\r\n"},"stage":"finished","steps":[],"attachments":[],"parameters":[],"start":1712082390805,"stop":1712082391934},{"name":"And Click Products under Hair Products section","status":"skipped","statusDetails":{"known":false,"muted":false,"flaky":false},"stage":"finished","steps":[],"attachments":[],"parameters":[],"start":1712082391936,"stop":1712082391936},{"name":"And Click Hair Beauty Bath product","status":"skipped","statusDetails":{"known":false,"muted":false,"flaky":false},"stage":"finished","steps":[],"attachments":[],"parameters":[],"start":1712082391936,"stop":1712082391936},{"name":"And Click Add to cart button","status":"skipped","statusDetails":{"known":false,"muted":false,"flaky":false},"stage":"finished","steps":[],"attachments":[],"parameters":[],"start":1712082391936,"stop":1712082391936},{"name":"And Navigate to Cart","status":"skipped","statusDetails":{"known":false,"muted":false,"flaky":false},"stage":"finished","steps":[],"attachments":[],"parameters":[],"start":1712082391936,"stop":1712082391936},{"name":"And Check out the product","status":"skipped","statusDetails":{"known":false,"muted":false,"flaky":false},"stage":"finished","steps":[],"attachments":[],"parameters":[],"start":1712082391936,"stop":1712082391936},{"name":"And Select Shipping Method as Worldwide - 5.00 USD","status":"skipped","statusDetails":{"known":false,"muted":false,"flaky":false},"stage":"finished","steps":[],"attachments":[],"parameters":[],"start":1712082391936,"stop":1712082391936},{"name":"And Click Make payment","status":"skipped","statusDetails":{"known":false,"muted":false,"flaky":false},"stage":"finished","steps":[],"attachments":[],"parameters":[],"start":1712082391937,"stop":1712082391937},{"name":"Then Verify if the order is placed and get the Order ID","status":"skipped","statusDetails":{"known":false,"muted":false,"flaky":false},"stage":"finished","steps":[],"attachments":[],"parameters":[],"start":1712082391937,"stop":1712082391937}],"attachments":[],"parameters":[],"start":1712082390802,"stop":1712082391942}