<?xml version="1.0" encoding="UTF-8"?>
<testng-results ignored="0" total="1" passed="1" failed="0" skipped="0">
  <reporter-output>
  </reporter-output>
  <suite started-at="2024-04-03T00:12:04 IST" name="Surefire suite" finished-at="2024-04-03T00:12:42 IST" duration-ms="38084">
    <groups>
      <group name="cucumber">
        <method signature="AbstractTestNGCucumberTests.runScenario(io.cucumber.testng.PickleWrapper,io.cucumber.testng.FeatureWrapper)[pri:0, instance:runner.Runner@3fae596]" name="runScenario" class="io.cucumber.testng.AbstractTestNGCucumberTests"/>
      </group> <!-- cucumber -->
    </groups>
    <test started-at="2024-04-03T00:12:04 IST" name="Surefire test" finished-at="2024-04-03T00:12:42 IST" duration-ms="38084">
      <class name="runner.Runner">
        <test-method is-config="true" signature="setUpClass(org.testng.ITestContext)[pri:0, instance:runner.Runner@3fae596]" started-at="2024-04-03T00:12:04 IST" name="setUpClass" finished-at="2024-04-03T00:12:05 IST" duration-ms="1456" status="PASS">
          <params>
            <param index="0">
              <value>
                <![CDATA[org.testng.TestRunner@5e75cf7a]]>
              </value>
            </param>
          </params>
          <reporter-output>
          </reporter-output>
        </test-method> <!-- setUpClass -->
        <test-method is-config="true" signature="preCondition()[pri:0, instance:runner.Runner@3fae596]" started-at="2024-04-03T00:12:05 IST" name="preCondition" finished-at="2024-04-03T00:12:11 IST" duration-ms="5092" status="PASS">
          <reporter-output>
          </reporter-output>
        </test-method> <!-- preCondition -->
        <test-method signature="runScenario(io.cucumber.testng.PickleWrapper,io.cucumber.testng.FeatureWrapper)[pri:0, instance:runner.Runner@3fae596]" started-at="2024-04-03T00:12:11 IST" name="runScenario" description="Runs Cucumber Scenarios" data-provider="scenarios" finished-at="2024-04-03T00:12:40 IST" duration-ms="29052" status="PASS">
          <params>
            <param index="0">
              <value>
                <![CDATA["To validate if an order can be placed online and get the Order ID"]]>
              </value>
            </param>
            <param index="1">
              <value>
                <![CDATA["Placing an order online"]]>
              </value>
            </param>
          </params>
          <reporter-output>
          </reporter-output>
        </test-method> <!-- runScenario -->
        <test-method is-config="true" signature="postCondition()[pri:0, instance:runner.Runner@3fae596]" started-at="2024-04-03T00:12:40 IST" name="postCondition" finished-at="2024-04-03T00:12:40 IST" duration-ms="282" status="PASS">
          <reporter-output>
          </reporter-output>
        </test-method> <!-- postCondition -->
        <test-method is-config="true" signature="tearDownClass()[pri:0, instance:runner.Runner@3fae596]" started-at="2024-04-03T00:12:40 IST" name="tearDownClass" finished-at="2024-04-03T00:12:42 IST" duration-ms="1860" status="PASS">
          <reporter-output>
          </reporter-output>
        </test-method> <!-- tearDownClass -->
      </class> <!-- runner.Runner -->
    </test> <!-- Surefire test -->
  </suite> <!-- Surefire suite -->
</testng-results>
