<?xml version="1.0" encoding="UTF-8"?>
<testng-results ignored="0" total="1" passed="1" failed="0" skipped="0">
  <reporter-output>
  </reporter-output>
  <suite started-at="2024-04-04T00:50:35 IST" name="Default suite" finished-at="2024-04-04T00:50:39 IST" duration-ms="3836">
    <groups>
    </groups>
    <test started-at="2024-04-04T00:50:35 IST" name="Default test" finished-at="2024-04-04T00:50:39 IST" duration-ms="3836">
      <class name="day03.CookiesDemo">
        <test-method signature="getCookiesInfo()[pri:0, instance:day03.CookiesDemo@48aca48b]" started-at="2024-04-04T00:50:35 IST" name="getCookiesInfo" finished-at="2024-04-04T00:50:39 IST" duration-ms="3753" status="PASS">
          <reporter-output>
          </reporter-output>
        </test-method> <!-- getCookiesInfo -->
      </class> <!-- day03.CookiesDemo -->
    </test> <!-- Default test -->
  </suite> <!-- Default suite -->
</testng-results>
