<?xml version="1.0" encoding="UTF-8"?>
<testng-results ignored="0" total="1" passed="1" failed="0" skipped="0">
  <reporter-output>
  </reporter-output>
  <suite started-at="2024-04-02T23:58:21 IST" name="Default suite" finished-at="2024-04-02T23:59:00 IST" duration-ms="38209">
    <groups>
      <group name="cucumber">
        <method signature="AbstractTestNGCucumberTests.runScenario(io.cucumber.testng.PickleWrapper,io.cucumber.testng.FeatureWrapper)[pri:0, instance:runner.Runner@3b46dd8]" name="runScenario" class="io.cucumber.testng.AbstractTestNGCucumberTests"/>
      </group> <!-- cucumber -->
    </groups>
    <test started-at="2024-04-02T23:58:21 IST" name="Default test" finished-at="2024-04-02T23:59:00 IST" duration-ms="38209">
      <class name="runner.Runner">
        <test-method is-config="true" signature="setUpClass(org.testng.ITestContext)[pri:0, instance:runner.Runner@3b46dd8]" started-at="2024-04-02T23:58:22 IST" name="setUpClass" finished-at="2024-04-02T23:58:23 IST" duration-ms="1085" status="PASS">
          <params>
            <param index="0">
              <value>
                <![CDATA[org.testng.TestRunner@4125bc3c]]>
              </value>
            </param>
          </params>
          <reporter-output>
          </reporter-output>
        </test-method> <!-- setUpClass -->
        <test-method is-config="true" signature="preCondition()[pri:0, instance:runner.Runner@3b46dd8]" started-at="2024-04-02T23:58:23 IST" name="preCondition" finished-at="2024-04-02T23:58:29 IST" duration-ms="6358" status="PASS">
          <reporter-output>
          </reporter-output>
        </test-method> <!-- preCondition -->
        <test-method signature="runScenario(io.cucumber.testng.PickleWrapper,io.cucumber.testng.FeatureWrapper)[pri:0, instance:runner.Runner@3b46dd8]" started-at="2024-04-02T23:58:29 IST" name="runScenario" description="Runs Cucumber Scenarios" data-provider="scenarios" finished-at="2024-04-02T23:58:58 IST" duration-ms="28486" status="PASS">
          <params>
            <param index="0">
              <value>
                <![CDATA["To validate if an order can be placed online and get the Order ID"]]>
              </value>
            </param>
            <param index="1">
              <value>
                <![CDATA["Placing an order online"]]>
              </value>
            </param>
          </params>
          <reporter-output>
          </reporter-output>
        </test-method> <!-- runScenario -->
        <test-method is-config="true" signature="postCondition()[pri:0, instance:runner.Runner@3b46dd8]" started-at="2024-04-02T23:58:58 IST" name="postCondition" finished-at="2024-04-02T23:58:58 IST" duration-ms="189" status="PASS">
          <reporter-output>
          </reporter-output>
        </test-method> <!-- postCondition -->
        <test-method is-config="true" signature="tearDownClass()[pri:0, instance:runner.Runner@3b46dd8]" started-at="2024-04-02T23:58:58 IST" name="tearDownClass" finished-at="2024-04-02T23:59:00 IST" duration-ms="1750" status="PASS">
          <reporter-output>
          </reporter-output>
        </test-method> <!-- tearDownClass -->
      </class> <!-- runner.Runner -->
    </test> <!-- Default test -->
  </suite> <!-- Default suite -->
</testng-results>
